<?xml version="1.0" encoding="UTF-8"?>
<testsuite xmlns:xsi="http://www.w3.org/2001/XMLSchema-instance" xsi:noNamespaceSchemaLocation="https://maven.apache.org/surefire/maven-surefire-plugin/xsd/surefire-test-report-3.0.xsd" version="3.0" name="com.bies.planeta.AppTest" time="0.015" tests="7" errors="0" skipped="0" failures="0">
  <properties>
[...]
</properties>
  <testcase name="testMoscaMovilizar" classname="com.bies.planeta.AppTest" time="0.003"/>
  <testcase name="testMariposaComer" classname="com.bies.planeta.AppTest" time="0.0"/>
  <testcase name="testAranaComer" classname="com.bies.planeta.AppTest" time="0.0"/>
  <testcase name="testAranaMovilizar" classname="com.bies.planeta.AppTest" time="0.0"/>
  <testcase name="testMoscaComer" classname="com.bies.planeta.AppTest" time="0.0"/>
  <testcase name="testMariposaMovilizar" classname="com.bies.planeta.AppTest" time="0.0"/>
  <testcase name="testApp" classname="com.bies.planeta.AppTest" time="0.0"/>
</testsuite>